[debug] ----------------------------------------------------------------------
[debug] Command:      /usr/local/bin/node /usr/local/bin/firebase deploy
[debug] CLI Version:  3.5.0
[debug] Platform:     darwin
[debug] Node Version: v6.10.0
[debug] Time:         Wed Mar 15 2017 22:11:53 GMT-0400 (EDT)
[debug] ----------------------------------------------------------------------
[debug] 
[debug] > command requires scopes: ["email","openid","https://www.googleapis.com/auth/cloudplatformprojects.readonly","https://www.googleapis.com/auth/firebase"]
[debug] >>> HTTP REQUEST GET https://admin.firebase.com/v1/projects/fennelcater  
 Wed Mar 15 2017 22:11:53 GMT-0400 (EDT)
[debug] <<< HTTP RESPONSE 200
[debug] >>> HTTP REQUEST GET https://admin.firebase.com/v1/database/fennelcater/tokens  
 Wed Mar 15 2017 22:11:54 GMT-0400 (EDT)
[debug] <<< HTTP RESPONSE 200
[info] 
[info] === Deploying to 'fennelcater'...
[info] 
[info] i  deploying database, hosting
[info] ✔  database: rules ready to deploy.
[info] i  hosting: preparing public directory for upload...
[debug] >>> HTTP REQUEST PUT https://deploy.firebase.com/v1/hosting/fennelcater/uploads/-KfJsg7iqxVzCxNNYK1R?fileCount=17&message=  
 Wed Mar 15 2017 22:11:55 GMT-0400 (EDT)
[debug] <<< HTTP RESPONSE 200
[info] ✔  hosting: public folder uploaded successfully
